<?xml version="1.0" encoding="UTF-8"?>
<!-- Generated by org.testng.reporters.JUnitReportReporter -->
<testsuite hostname="DESKTOP-MKG3UU4" failures="0" tests="1" name="test.ZerodhaLoginPageTest" time="8.661" errors="0" timestamp="2022-06-30T00:06:49 IST" skipped="0">
  <testcase classname="test.ZerodhaLoginPageTest" name="loginTest" time="8.661"/>
  <system-out/>
</testsuite> <!-- test.ZerodhaLoginPageTest -->
