<?xml version="1.0" encoding="UTF-8"?>
<!-- Generated by org.testng.reporters.JUnitReportReporter -->
<testsuite hostname="DESKTOP-MKG3UU4" failures="0" tests="1" name="test.ZerodhSignUpTest" time="6.408" errors="0" timestamp="2022-06-24T17:04:29 IST" skipped="0">
  <testcase classname="test.ZerodhSignUpTest" name="signUpTest" time="6.408"/>
  <system-out/>
</testsuite> <!-- test.ZerodhSignUpTest -->
