<?xml version="1.0" encoding="UTF-8"?>
<!-- Generated by org.testng.reporters.JUnitReportReporter -->
<testsuite hostname="DESKTOP-MKG3UU4" failures="0" tests="1" name="test.ZerodhaHomePageTest" time="13.999" errors="0" timestamp="2022-06-30T14:24:14 IST" skipped="0">
  <testcase classname="test.ZerodhaHomePageTest" name="homePageTest" time="13.999"/>
  <system-out/>
</testsuite> <!-- test.ZerodhaHomePageTest -->
